# This is the CMakeCache file.
# For build in directory: /export/zgid/bawinogr/Test/build
# It was generated by CMake: /export/apps/CMake/3.2.2/bin/cmake
# You can edit this file to change values found and used by cmake.
# If you do not want to change any of the values, simply exit the editor.
# If you do want to change a value, simply edit, save, and exit the editor.
# The syntax for the file is as follows:
# KEY:TYPE=VALUE
# KEY is the name of a variable in the cache.
# TYPE is a hint to GUIs for the type of VALUE, DO NOT EDIT TYPE!.
# VALUE is the current value for the KEY.

########################
# EXTERNAL cache entries
########################

//Build shared libraries or not.
BUILD_SHARED_LIBS:BOOL=FALSE

//Build the testing tree.
BUILD_TESTING:BOOL=ON

//Path to a program.
BZRCOMMAND:FILEPATH=BZRCOMMAND-NOTFOUND

//Path to a program.
CMAKE_AR:FILEPATH=/usr/bin/ar

//Type of build to perform (i.e. DEBUG, RELEASE, NONE)
CMAKE_BUILD_TYPE:STRING=RELEASE

//Enable/Disable color output during build.
CMAKE_COLOR_MAKEFILE:BOOL=ON

//Override by TriBITS (see TribitsDevelopersGuilde.*)
CMAKE_CONFIGURATION_TYPES:STRING=

//CXX compiler
CMAKE_CXX_COMPILER:FILEPATH=/export/apps/Intel/composer_xe_2013.4.183/bin/intel64/icpc

//Flags used by the compiler during all build types.
CMAKE_CXX_FLAGS:STRING=

//Flags used by the compiler during debug builds.
CMAKE_CXX_FLAGS_DEBUG:STRING=-g

//If set to non-empty, will override CMAKE_CXX_FLAGS_DEBUG
CMAKE_CXX_FLAGS_DEBUG_OVERRIDE:STRING=

//Flags used by the compiler during release builds for minimum
// size.
CMAKE_CXX_FLAGS_MINSIZEREL:STRING=-Os -DNDEBUG

//If set to non-empty, will override CMAKE_CXX_FLAGS_MINSIZEREL
CMAKE_CXX_FLAGS_MINSIZEREL_OVERRIDE:STRING=

//If set to non-empty, will override CMAKE_CXX_FLAGS_NONE
CMAKE_CXX_FLAGS_NONE_OVERRIDE:STRING=

//Flags used by the compiler during release builds.
CMAKE_CXX_FLAGS_RELEASE:STRING=-O3 -DNDEBUG

//If set to non-empty, will override CMAKE_CXX_FLAGS_RELEASE
CMAKE_CXX_FLAGS_RELEASE_OVERRIDE:STRING=

//Flags used by the compiler during release builds with debug info.
CMAKE_CXX_FLAGS_RELWITHDEBINFO:STRING=-O2 -g -DNDEBUG

//If set to non-empty, will override CMAKE_CXX_FLAGS_RELWITHDEBINFO
CMAKE_CXX_FLAGS_RELWITHDEBINFO_OVERRIDE:STRING=

//C compiler
CMAKE_C_COMPILER:FILEPATH=/export/apps/Intel/composer_xe_2013.4.183/bin/intel64/icc

//Flags used by the compiler during all build types.
CMAKE_C_FLAGS:STRING=

//Flags used by the compiler during debug builds.
CMAKE_C_FLAGS_DEBUG:STRING=-g

//If set to non-empty, will override CMAKE_C_FLAGS_DEBUG
CMAKE_C_FLAGS_DEBUG_OVERRIDE:STRING=

//Flags used by the compiler during release builds for minimum
// size.
CMAKE_C_FLAGS_MINSIZEREL:STRING=-Os -DNDEBUG

//If set to non-empty, will override CMAKE_C_FLAGS_MINSIZEREL
CMAKE_C_FLAGS_MINSIZEREL_OVERRIDE:STRING=

//If set to non-empty, will override CMAKE_C_FLAGS_NONE
CMAKE_C_FLAGS_NONE_OVERRIDE:STRING=

//Flags used by the compiler during release builds.
CMAKE_C_FLAGS_RELEASE:STRING=-O3 -DNDEBUG

//If set to non-empty, will override CMAKE_C_FLAGS_RELEASE
CMAKE_C_FLAGS_RELEASE_OVERRIDE:STRING=

//Flags used by the compiler during release builds with debug info.
CMAKE_C_FLAGS_RELWITHDEBINFO:STRING=-O2 -g -DNDEBUG

//If set to non-empty, will override CMAKE_C_FLAGS_RELWITHDEBINFO
CMAKE_C_FLAGS_RELWITHDEBINFO_OVERRIDE:STRING=

//Flags used by the linker.
CMAKE_EXE_LINKER_FLAGS:STRING=

//Flags used by the linker during debug builds.
CMAKE_EXE_LINKER_FLAGS_DEBUG:STRING=

//Flags used by the linker during release minsize builds.
CMAKE_EXE_LINKER_FLAGS_MINSIZEREL:STRING=

//Flags used by the linker during release builds.
CMAKE_EXE_LINKER_FLAGS_RELEASE:STRING=

//Flags used by the linker during Release with Debug Info builds.
CMAKE_EXE_LINKER_FLAGS_RELWITHDEBINFO:STRING=

//Enable/Disable output of compile commands during generation.
CMAKE_EXPORT_COMPILE_COMMANDS:BOOL=OFF

//Fortran compiler
CMAKE_Fortran_COMPILER:FILEPATH=/export/apps/Intel/composer_xe_2013.4.183/bin/intel64/ifort

//Flags for Fortran compiler.
CMAKE_Fortran_FLAGS:STRING=

//Flags used by the compiler during debug builds.
CMAKE_Fortran_FLAGS_DEBUG:STRING=-g

//If set to non-empty, will override CMAKE_Fortran_FLAGS_DEBUG
CMAKE_Fortran_FLAGS_DEBUG_OVERRIDE:STRING=

//Flags used by the compiler during release builds for minimum
// size.
CMAKE_Fortran_FLAGS_MINSIZEREL:STRING=-Os

//If set to non-empty, will override CMAKE_Fortran_FLAGS_MINSIZEREL
CMAKE_Fortran_FLAGS_MINSIZEREL_OVERRIDE:STRING=

//If set to non-empty, will override CMAKE_Fortran_FLAGS_NONE
CMAKE_Fortran_FLAGS_NONE_OVERRIDE:STRING=

//Flags used by the compiler during release builds.
CMAKE_Fortran_FLAGS_RELEASE:STRING=-O3

//If set to non-empty, will override CMAKE_Fortran_FLAGS_RELEASE
CMAKE_Fortran_FLAGS_RELEASE_OVERRIDE:STRING=

//Flags used by the compiler during release builds with debug info.
CMAKE_Fortran_FLAGS_RELWITHDEBINFO:STRING=-O2 -g

//If set to non-empty, will override CMAKE_Fortran_FLAGS_RELWITHDEBINFO
CMAKE_Fortran_FLAGS_RELWITHDEBINFO_OVERRIDE:STRING=

//Install path prefix, prepended onto install directories.
CMAKE_INSTALL_PREFIX:PATH=/usr/local

//Path to a program.
CMAKE_LINKER:FILEPATH=/usr/bin/ld

//Path to a program.
CMAKE_MAKE_PROGRAM:FILEPATH=/usr/bin/gmake

//Flags used by the linker during the creation of modules.
CMAKE_MODULE_LINKER_FLAGS:STRING=

//Flags used by the linker during debug builds.
CMAKE_MODULE_LINKER_FLAGS_DEBUG:STRING=

//Flags used by the linker during release minsize builds.
CMAKE_MODULE_LINKER_FLAGS_MINSIZEREL:STRING=

//Flags used by the linker during release builds.
CMAKE_MODULE_LINKER_FLAGS_RELEASE:STRING=

//Flags used by the linker during Release with Debug Info builds.
CMAKE_MODULE_LINKER_FLAGS_RELWITHDEBINFO:STRING=

//Path to a program.
CMAKE_NM:FILEPATH=/usr/bin/nm

//Path to a program.
CMAKE_OBJCOPY:FILEPATH=/usr/bin/objcopy

//Path to a program.
CMAKE_OBJDUMP:FILEPATH=/usr/bin/objdump

//Value Computed by CMake
CMAKE_PROJECT_NAME:STATIC=Test

//Path to a program.
CMAKE_RANLIB:FILEPATH=/usr/bin/ranlib

//Flags used by the linker during the creation of dll's.
CMAKE_SHARED_LINKER_FLAGS:STRING=

//Flags used by the linker during debug builds.
CMAKE_SHARED_LINKER_FLAGS_DEBUG:STRING=

//Flags used by the linker during release minsize builds.
CMAKE_SHARED_LINKER_FLAGS_MINSIZEREL:STRING=

//Flags used by the linker during release builds.
CMAKE_SHARED_LINKER_FLAGS_RELEASE:STRING=

//Flags used by the linker during Release with Debug Info builds.
CMAKE_SHARED_LINKER_FLAGS_RELWITHDEBINFO:STRING=

//If set, runtime paths are not added when installing shared libraries,
// but are added when building.
CMAKE_SKIP_INSTALL_RPATH:BOOL=NO

//If set, runtime paths are not added when using shared libraries.
CMAKE_SKIP_RPATH:BOOL=NO

//Flags used by the linker during the creation of static libraries.
CMAKE_STATIC_LINKER_FLAGS:STRING=

//Flags used by the linker during debug builds.
CMAKE_STATIC_LINKER_FLAGS_DEBUG:STRING=

//Flags used by the linker during release minsize builds.
CMAKE_STATIC_LINKER_FLAGS_MINSIZEREL:STRING=

//Flags used by the linker during release builds.
CMAKE_STATIC_LINKER_FLAGS_RELEASE:STRING=

//Flags used by the linker during Release with Debug Info builds.
CMAKE_STATIC_LINKER_FLAGS_RELWITHDEBINFO:STRING=

//Path to a program.
CMAKE_STRIP:FILEPATH=/usr/bin/strip

//If true, cmake will use relative paths in makefiles and projects.
CMAKE_USE_RELATIVE_PATHS:BOOL=OFF

//If this value is on, makefiles will be generated without the
// .SILENT directive, and all commands will be echoed to the console
// during the make.  This is useful for debugging only. With Visual
// Studio IDE projects all commands are done without /nologo.
CMAKE_VERBOSE_MAKEFILE:BOOL=FALSE

//Path to the coverage program that CTest uses for performing coverage
// inspection
COVERAGE_COMMAND:FILEPATH=/usr/bin/gcov

//Extra command line flags to pass to the coverage tool
COVERAGE_EXTRA_FLAGS:STRING=-l

//Sets CTEST_BUILD_FLAGS on the env before invoking 'ctest -S'.
CTEST_BUILD_FLAGS:STRING=

//Sets CTEST_PARALLEL_LEVEL on the env before invoking 'ctest -S'.
CTEST_PARALLEL_LEVEL:STRING=

//How many times to retry timed-out CTest submissions.
CTEST_SUBMIT_RETRY_COUNT:STRING=3

//How long to wait between timed-out CTest submissions.
CTEST_SUBMIT_RETRY_DELAY:STRING=5

//Path to a program.
CVSCOMMAND:FILEPATH=/usr/bin/cvs

//Options passed to the cvs update command.
CVS_UPDATE_OPTIONS:STRING=-d -A -P

//Maximum time allowed before CTest will kill the test.
DART_TESTING_TIMEOUT:STRING=1500

//Graphviz Dot tool for using Doxygen
DOXYGEN_DOT_EXECUTABLE:FILEPATH=/usr/bin/dot

//Doxygen documentation generation tool (http://www.doxygen.org)
DOXYGEN_EXECUTABLE:FILEPATH=/usr/bin/doxygen

//Name mangling to call functions in the provided BLAS library
F77_BLAS_MANGLE:STRING=(name,NAME) name ## _

//Name mangling used to call Fortran 77 functions with no underscores
// in the name
F77_FUNC:STRING=(name,NAME) name ## _

//Name mangling used to call Fortran 77 functions with at least
// one underscore in the name
F77_FUNC_:STRING=(name,NAME) name ## _

//Path to a program.
GITCOMMAND:FILEPATH=/usr/bin/git

//If set to true, then strong warnings for package HF_source will
// be disabled.
HF_source_DISABLE_STRONG_WARNINGS:BOOL=OFF

//Build examples for the package HF_source.  Set to 'ON', 'OFF',
// or leave empty '' to allow for other logic to decide.
HF_source_ENABLE_EXAMPLES:STRING=

//Build tests for the package HF_source.  Set to 'ON', 'OFF', or
// leave empty '' to allow for other logic to decide.
HF_source_ENABLE_TESTS:STRING=

//Dependencies for target
HF_source_LIB_DEPENDS:STATIC=

//Path to a program.
HGCOMMAND:FILEPATH=/usr/bin/hg

//Command to build the project
MAKECOMMAND:STRING=/export/apps/CMake/3.2.2/bin/cmake --build . --config "${CTEST_CONFIGURATION_TYPE}" -- -i

//Path to the memory checking command, used for memory error detection.
MEMORYCHECK_COMMAND:FILEPATH=/usr/bin/valgrind

//File that contains suppressions for the memory checker
MEMORYCHECK_SUPPRESSIONS_FILE:FILEPATH=

//Path to a program.
P4COMMAND:FILEPATH=P4COMMAND-NOTFOUND

//Path to a program.
PERL_EXECUTABLE:FILEPATH=/usr/bin/perl

//Path to a program.
PYTHON_EXECUTABLE:FILEPATH=/export/apps/Python/2.7.2-CentOS6.0/bin/python2.7

//Default version of Python to find (must be 2.6 or greater
PythonInterp_FIND_VERSION:STRING=2.6

//Require Python to be found or not.
PythonInterp_MUST_BE_FOUND:BOOL=FALSE

//Path to scp command, used by CTest for submitting results to
// a Dart server
SCPCOMMAND:FILEPATH=/usr/bin/scp

//Name of the computer/site where compile is being run
SITE:STRING=dirac

//Path to the SLURM sbatch executable
SLURM_SBATCH_COMMAND:FILEPATH=SLURM_SBATCH_COMMAND-NOTFOUND

//Path to the SLURM srun executable
SLURM_SRUN_COMMAND:FILEPATH=SLURM_SRUN_COMMAND-NOTFOUND

//Path to a program.
SVNCOMMAND:FILEPATH=/usr/bin/svn

//Enable support for the TPL BLAS in all supported Test packages.
//  This can be set to 'ON', 'OFF', or left empty ''.
TPL_ENABLE_BLAS:STRING=

TPL_ENABLE_MPI:BOOL=OFF

//If ON, then the TPL system will find shared libs if the exist,
// otherwise will only find static libs.
TPL_FIND_SHARED_LIBS:BOOL=ON

//Allow configuration to finish even if no packages are enabled
Test_ALLOW_NO_PACKAGES:BOOL=ON

//Determines if asserts are performed on missing packages or not.
Test_ASSERT_MISSING_PACKAGES:BOOL=

//Value Computed by CMake
Test_BINARY_DIR:STATIC=/export/zgid/bawinogr/Test/build

//Output XML file used by CDash in Test-independent format (if
// not empty).
Test_CDASH_DEPS_XML_OUTPUT_FILE:STRING=

//Default exec suffix on all platforms (can be overridden by each
// executable added).
Test_CMAKE_EXECUTABLE_SUFFIX:STRING=.exe

//Name of an optional file that is included first to define any
// cmake options with SET( ... CACHE ...) calls.  NOTE: paths can
// be separated by commas instead of semicolons but paths cannot
// contain commas.
Test_CONFIGURE_OPTIONS_FILE:FILEPATH=

//Extra arguments to pass to CTest when calling 'ctest -S' to run
// the 'dashboard' make target.
Test_DASHBOARD_CTEST_ARGS:STRING=-V

//If set to non-null, this is the default directory where package
// dependency files will be written.
Test_DEPS_DEFAULT_OUTPUT_DIR:FILEPATH=

//HTML Test dependenices file that will be written to (if not empty).
Test_DEPS_HTML_OUTPUT_FILE:STRING=

//Output XML file containing Test dependenices used by tools (if
// not empty).
Test_DEPS_XML_OUTPUT_FILE:STRING=

//Disable (and printing warning) for enabled packages that have
// hard-disabled upstream dependencies.  Otherwise, is to raises
// a fatal configure failure.
Test_DISABLE_ENABLED_FORWARD_DEP_PACKAGES:BOOL=

//If set to true, then strong warnings for package Test will be
// disabled.
Test_DISABLE_STRONG_WARNINGS:BOOL=OFF

//Dump the package forwrad dependency information.
Test_DUMP_FORWARD_PACKAGE_DEPENDENCIES:BOOL=OFF

//Dump the link libraries for every library and executable created.
Test_DUMP_LINK_LIBS:BOOL=OFF

//Dump the package dependency information.
Test_DUMP_PACKAGE_DEPENDENCIES:BOOL=OFF

//Elevate all defined ST SE packages to PT packages.
Test_ELEVATE_ST_TO_PT:BOOL=OFF

//Recursively enable all packages that have required or optional
// dependencies for set of enabled packages.
Test_ENABLE_ALL_FORWARD_DEP_PACKAGES:BOOL=OFF

//Recursively enable all optional packages for set of enabled packages.
Test_ENABLE_ALL_OPTIONAL_PACKAGES:BOOL=ON

//Enable all packages PT packages (ST packages as well if Test_ENABLE_SECONDARY_TESTED_CODE
// is true).
Test_ENABLE_ALL_PACKAGES:BOOL=OFF

//Enable the C compiler and related code
Test_ENABLE_C:BOOL=ON

//Turn on checked STL checking (e.g. -D_GLIBCXX_DEBUG) or not.
Test_ENABLE_CHECKED_STL:BOOL=OFF

//If test output complaining about circular references is found,
// then the test will fail.
Test_ENABLE_CIRCULAR_REF_DETECTION_FAILURE:BOOL=OFF

//Enable debug checking of the process which finds errors in the
// project's CMake files (off by default unless Test_ENABLE_DEBUG=ON).
Test_ENABLE_CONFIGURE_DEBUG:BOOL=OFF

//Set to 'ON' to see configure times (Unix/Linux systems only)
Test_ENABLE_CONFIGURE_TIMING:BOOL=FALSE

//Enable support for coverage testing by setting needed compiler/linker
// options.
Test_ENABLE_COVERAGE_TESTING:BOOL=OFF

//Enable support for creating a distribution using CPack
Test_ENABLE_CPACK_PACKAGING:BOOL=OFF

//Enable the C++ compiler and related code
Test_ENABLE_CXX:BOOL=ON

//Enable the C++11 compiler options and related code (see Test_CXX11_FLAGS)
Test_ENABLE_CXX11:BOOL=OFF

//Enable debug checking for Test packages.  Off by default unless
// CMAKE_BUILD_TYPE="DEBUG".
Test_ENABLE_DEBUG:BOOL=OFF

//Turn on debugging symbols (e.g. -g) or not if not a full debug
// build.
Test_ENABLE_DEBUG_SYMBOLS:BOOL=OFF

//Determines if a variety of development mode checks are turned
// on by default or not.
Test_ENABLE_DEVELOPMENT_MODE:BOOL=

//Enable examples in all packages  (set to ON, OFF, or leave empty).
//  If left empty, then this will be set to ON if Test_ENABLE_TESTS=ON
Test_ENABLE_EXAMPLES:STRING=

//Enable explicit template instantiation in all packages that support
// it
Test_ENABLE_EXPLICIT_INSTANTIATION:BOOL=OFF

//Determines if export makefiles will be create and installed.
Test_ENABLE_EXPORT_MAKEFILES:BOOL=ON

//Enable the Fortran compiler and related code
Test_ENABLE_Fortran:BOOL=ON

//Enable the package HF_source.  Set to 'ON', 'OFF', or leave empty
// to allow for other logic to decide.
Test_ENABLE_HF_source:STRING=

//Enable testing against an installed version of Test.
Test_ENABLE_INSTALLATION_TESTING:STRING=OFF

//Determines if TestConfig.cmake and <PACKAGE>Config.cmake files
// are created or not.
Test_ENABLE_INSTALL_CMAKE_CONFIG_FILES:BOOL=OFF

//Enabled in top level CMakeLists.txt
Test_ENABLE_KNOWN_EXTERNAL_REPOS_TYPE:STRING=Continuous

//Build with OpenMP support.
Test_ENABLE_OpenMP:BOOL=OFF

//Set to 'ON' to see configure times for individual packages
Test_ENABLE_PACKAGE_CONFIGURE_TIMING:BOOL=FALSE

//Allow Secondary Tested (ST) packages and code to be implicitly
// enabled.
Test_ENABLE_SECONDARY_TESTED_CODE:BOOL=OFF

//Turn ON or OFF shadowing warnings for all packages where strong
// warnings have not been explicitly disabled.  Setting the empty
// '' let's each package decide.
Test_ENABLE_SHADOW_WARNINGS:STRING=

//Enable strong compiler warnings for C++ code for supported compilers.
Test_ENABLE_STRONG_CXX_COMPILE_WARNINGS:BOOL=

//Enable strong compiler warnings for C code for supported compilers.
Test_ENABLE_STRONG_C_COMPILE_WARNINGS:BOOL=

//Enable tests in all packages  (set to ON, OFF, or leave empty).
Test_ENABLE_TESTS:STRING=

//Enable support for Teuchos Time Monitors in all Trilinos packages
// that support it.
Test_ENABLE_TEUCHOS_TIME_MONITOR:BOOL=ON

Test_ENABLE_Test:BOOL=ON

//Excluded disabled packages from the CPack-generated distribution.
Test_EXCLUDE_DISABLED_SUBPACKAGES_FROM_DISTRIBUTION:BOOL=TRUE

//File containing the list of extra repositories containing add-on
// packages to process
Test_EXTRAREPOS_FILE:STRING=/export/zgid/bawinogr/Test/cmake/ExtraRepositoriesList.cmake

//Extra flags added to the end of every linked executable
Test_EXTRA_LINK_FLAGS:STRING=

//List of post-extra repositories that contain extra Test packages.
Test_EXTRA_REPOSITORIES:STRING=

//Generate packages dependency data-structures needed for dependency
// export files.
Test_GENERATE_EXPORT_FILE_DEPENDENCIES:BOOL=ON

//Enabled in top level CMakeLists.txt
Test_GENERATE_REPO_VERSION_FILE:BOOL=ON

//Show warnings about deprecated code
Test_HIDE_DEPRECATED_CODE:BOOL=OFF

//Name of the computer/site where compile is being run
Test_HOSTNAME:STRING=dirac

//Name used to identify a system system type (defaults to Linux)
Test_HOSTTYPE:STRING=Linux

//Set if to ignore missing extra repositories (or fail hard)
Test_IGNORE_MISSING_EXTRA_REPOSITORIES:BOOL=FALSE

//Location of an installed version of Test that will be built against
// during installation testing
Test_INSTALLATION_DIR:STRING=

//Location where assorted examples will be installed.  If given
// as a relative path, it will be relative to /usr/local.  If given
// as an absolute path, it will used as such.  Default is 'example'
Test_INSTALL_EXAMPLE_DIR:PATH=example

//Enable the installation of executables provided by the Test packages.
Test_INSTALL_EXECUTABLES:BOOL=ON

//Location where the headers will be installed.  If given as a
// relative path, it will be relative to /usr/local.  If given
// as an absolute path, it will used as such.  Default is 'include'
Test_INSTALL_INCLUDE_DIR:PATH=include

//Install libraries and headers (default is ON).  NOTE: Shared
// libraries are always installed since they are needed by executables.
Test_INSTALL_LIBRARIES_AND_HEADERS:BOOL=ON

//Location where the libraries will be installed.  If given as
// a relative path, it will be relative to /usr/local.  If given
// as an absolute path, it will used as such.  Default is 'lib'
Test_INSTALL_LIB_DIR:PATH=lib

//Location where the runtime DLLs and designated programs will
// be installed.  If given as a relative path, it will be relative
// to /usr/local.  If given as an absolute path, it will used as
// such.  Default is 'bin'
Test_INSTALL_RUNTIME_DIR:PATH=bin

//Prefix for all Test library names. If set to, for example, 'prefix_',
//\n    libraries will be named and installed as 'prefix_<libname>.*'.
//  Default is '' (no prefix).
Test_LIBRARY_NAME_PREFIX:STRING=

//If on, then the property LINK_SEARCH_START_STATIC will be added
// to all executables.
Test_LINK_SEARCH_START_STATIC:BOOL=OFF

//List of pre-extra repositories that contain extra Test packages.
Test_PRE_REPOSITORIES:STRING=

//Relative CPU speed of the computer used to scale performance
// tests (default 1.0).
Test_REL_CPU_SPEED:STRING=1.0

//Removes all default disables from the packages list.  Used for
// testing etc.
Test_REMOVE_DEFAULT_PACKAGE_DISABLES:BOOL=OFF

//Scale factor for global DART_TESTING_TIMEOUT and individual test
// TIMEOUT (default 1.0).
Test_SCALE_TEST_TIMEOUT:STRING=1.0

//Short-circuit after dependency handling is complete
Test_SHORTCIRCUIT_AFTER_DEPENDENCY_HANDLING:BOOL=OFF

//Show warnings about deprecated code
Test_SHOW_DEPRECATED_WARNINGS:BOOL=ON

//Set to 'ON' to see the machine load for advanced tests.
Test_SHOW_MACHINE_LOAD_IN_TEST:BOOL=OFF

//Set to 'ON' to see start and end date/time for advanced tests.
Test_SHOW_TEST_START_END_DATE_TIME:BOOL=OFF

//Skip the Fortran/C++ compatibility test
Test_SKIP_FORTRANCINTERFACE_VERIFY_TEST:BOOL=OFF

//Value Computed by CMake
Test_SOURCE_DIR:STATIC=/export/zgid/bawinogr/Test

//List of categories of tests to enable: 'BASIC, CONTINUOUS, NIGHTLY,
// HEAVY, WEEKLY, PERFORMANCE' (default `NIGHTLY`).
Test_TEST_CATEGORIES:STRING=NIGHTLY

//If set TRUE, then 'SYSTEM' will be passed into INCLUDE_DIRECTORIES()
// for TPL includes.
Test_TPL_SYSTEM_INCLUDE_DIRS:BOOL=FALSE

//Show a configure time trace of every test added or not added
// any why (one line).
Test_TRACE_ADD_TEST:BOOL=OFF

//Only trace dependency handling.  Don't configure to build anything!
Test_TRACE_DEPENDENCY_HANDLING_ONLY:BOOL=OFF

//Print out when all of the various files get processed.
Test_TRACE_FILE_PROCESSING:BOOL=OFF

Test_TRIBITS_DIR:PATH=/export/zgid/bawinogr/Test/cmake/tribits

//Set to empty all package enables (set to OFF at end).
Test_UNENABLE_ENABLED_PACKAGES:BOOL=OFF

//If set to TRUE, then CMake GNUInstallDris modules is used to
// pick standard install paths by default.
Test_USE_GNUINSTALLDIRS:BOOL=FALSE

//Make the Test configure process verbose.
Test_VERBOSE_CONFIGURE:BOOL=OFF

//Flags for treating warnings as errors (for all compilers, -Werror
// by default for GNU).  To turn off warnings as errors set to
// ''
Test_WARNINGS_AS_ERRORS_FLAGS:STRING=

//If set to TRUE, a 'NOTE' is printed for each missing package
// that is ignored.
Test_WARN_ABOUT_MISSING_EXTERNAL_PACKAGES:BOOL=FALSE

//Use XSDK defaults and behavior.
USE_XSDK_DEFAULTS:BOOL=FALSE

//Path to a program.
XIAR:FILEPATH=/export/apps/Intel/composer_xe_2013.4.183/bin/intel64/xiar

//Path to a file.
_fcmakelists:FILEPATH=/export/zgid/bawinogr/Test/cmake/tribits/core/config_tests/fmangle


########################
# INTERNAL cache entries
########################

//ADVANCED property for variable: BUILD_TESTING
BUILD_TESTING-ADVANCED:INTERNAL=1
//ADVANCED property for variable: BZRCOMMAND
BZRCOMMAND-ADVANCED:INTERNAL=1
//ADVANCED property for variable: CMAKE_AR
CMAKE_AR-ADVANCED:INTERNAL=1
//This is the directory where this CMakeCache.txt was created
CMAKE_CACHEFILE_DIR:INTERNAL=/export/zgid/bawinogr/Test/build
//Major version of cmake used to create the current loaded cache
CMAKE_CACHE_MAJOR_VERSION:INTERNAL=3
//Minor version of cmake used to create the current loaded cache
CMAKE_CACHE_MINOR_VERSION:INTERNAL=2
//Patch version of cmake used to create the current loaded cache
CMAKE_CACHE_PATCH_VERSION:INTERNAL=2
//ADVANCED property for variable: CMAKE_COLOR_MAKEFILE
CMAKE_COLOR_MAKEFILE-ADVANCED:INTERNAL=1
//Path to CMake executable.
CMAKE_COMMAND:INTERNAL=/export/apps/CMake/3.2.2/bin/cmake
//Path to cpack program executable.
CMAKE_CPACK_COMMAND:INTERNAL=/export/apps/CMake/3.2.2/bin/cpack
//ADVANCED property for variable: CMAKE_CTEST_COMMAND
CMAKE_CTEST_COMMAND-ADVANCED:INTERNAL=1
//Path to ctest program executable.
CMAKE_CTEST_COMMAND:INTERNAL=/export/apps/CMake/3.2.2/bin/ctest
//ADVANCED property for variable: CMAKE_CXX_COMPILER
CMAKE_CXX_COMPILER-ADVANCED:INTERNAL=1
//ADVANCED property for variable: CMAKE_CXX_FLAGS
CMAKE_CXX_FLAGS-ADVANCED:INTERNAL=1
//ADVANCED property for variable: CMAKE_CXX_FLAGS_DEBUG
CMAKE_CXX_FLAGS_DEBUG-ADVANCED:INTERNAL=1
//ADVANCED property for variable: CMAKE_CXX_FLAGS_MINSIZEREL
CMAKE_CXX_FLAGS_MINSIZEREL-ADVANCED:INTERNAL=1
//ADVANCED property for variable: CMAKE_CXX_FLAGS_RELEASE
CMAKE_CXX_FLAGS_RELEASE-ADVANCED:INTERNAL=1
//ADVANCED property for variable: CMAKE_CXX_FLAGS_RELWITHDEBINFO
CMAKE_CXX_FLAGS_RELWITHDEBINFO-ADVANCED:INTERNAL=1
//ADVANCED property for variable: CMAKE_C_COMPILER
CMAKE_C_COMPILER-ADVANCED:INTERNAL=1
//ADVANCED property for variable: CMAKE_C_FLAGS
CMAKE_C_FLAGS-ADVANCED:INTERNAL=1
//ADVANCED property for variable: CMAKE_C_FLAGS_DEBUG
CMAKE_C_FLAGS_DEBUG-ADVANCED:INTERNAL=1
//ADVANCED property for variable: CMAKE_C_FLAGS_MINSIZEREL
CMAKE_C_FLAGS_MINSIZEREL-ADVANCED:INTERNAL=1
//ADVANCED property for variable: CMAKE_C_FLAGS_RELEASE
CMAKE_C_FLAGS_RELEASE-ADVANCED:INTERNAL=1
//ADVANCED property for variable: CMAKE_C_FLAGS_RELWITHDEBINFO
CMAKE_C_FLAGS_RELWITHDEBINFO-ADVANCED:INTERNAL=1
//Path to cache edit program executable.
CMAKE_EDIT_COMMAND:INTERNAL=/export/apps/CMake/3.2.2/bin/ccmake
//Executable file format
CMAKE_EXECUTABLE_FORMAT:INTERNAL=ELF
//ADVANCED property for variable: CMAKE_EXE_LINKER_FLAGS
CMAKE_EXE_LINKER_FLAGS-ADVANCED:INTERNAL=1
//ADVANCED property for variable: CMAKE_EXE_LINKER_FLAGS_DEBUG
CMAKE_EXE_LINKER_FLAGS_DEBUG-ADVANCED:INTERNAL=1
//ADVANCED property for variable: CMAKE_EXE_LINKER_FLAGS_MINSIZEREL
CMAKE_EXE_LINKER_FLAGS_MINSIZEREL-ADVANCED:INTERNAL=1
//ADVANCED property for variable: CMAKE_EXE_LINKER_FLAGS_RELEASE
CMAKE_EXE_LINKER_FLAGS_RELEASE-ADVANCED:INTERNAL=1
//ADVANCED property for variable: CMAKE_EXE_LINKER_FLAGS_RELWITHDEBINFO
CMAKE_EXE_LINKER_FLAGS_RELWITHDEBINFO-ADVANCED:INTERNAL=1
//ADVANCED property for variable: CMAKE_EXPORT_COMPILE_COMMANDS
CMAKE_EXPORT_COMPILE_COMMANDS-ADVANCED:INTERNAL=1
//Name of external makefile project generator.
CMAKE_EXTRA_GENERATOR:INTERNAL=
//ADVANCED property for variable: CMAKE_Fortran_COMPILER
CMAKE_Fortran_COMPILER-ADVANCED:INTERNAL=1
//ADVANCED property for variable: CMAKE_Fortran_FLAGS
CMAKE_Fortran_FLAGS-ADVANCED:INTERNAL=1
//ADVANCED property for variable: CMAKE_Fortran_FLAGS_DEBUG
CMAKE_Fortran_FLAGS_DEBUG-ADVANCED:INTERNAL=1
//ADVANCED property for variable: CMAKE_Fortran_FLAGS_MINSIZEREL
CMAKE_Fortran_FLAGS_MINSIZEREL-ADVANCED:INTERNAL=1
//ADVANCED property for variable: CMAKE_Fortran_FLAGS_RELEASE
CMAKE_Fortran_FLAGS_RELEASE-ADVANCED:INTERNAL=1
//ADVANCED property for variable: CMAKE_Fortran_FLAGS_RELWITHDEBINFO
CMAKE_Fortran_FLAGS_RELWITHDEBINFO-ADVANCED:INTERNAL=1
//Name of generator.
CMAKE_GENERATOR:INTERNAL=Unix Makefiles
//Name of generator platform.
CMAKE_GENERATOR_PLATFORM:INTERNAL=
//Name of generator toolset.
CMAKE_GENERATOR_TOOLSET:INTERNAL=
//Start directory with the top level CMakeLists.txt file for this
// project
CMAKE_HOME_DIRECTORY:INTERNAL=/export/zgid/bawinogr/Test
//Install .so files without execute permission.
CMAKE_INSTALL_SO_NO_EXE:INTERNAL=0
//ADVANCED property for variable: CMAKE_LINKER
CMAKE_LINKER-ADVANCED:INTERNAL=1
//ADVANCED property for variable: CMAKE_MAKE_PROGRAM
CMAKE_MAKE_PROGRAM-ADVANCED:INTERNAL=1
//ADVANCED property for variable: CMAKE_MODULE_LINKER_FLAGS
CMAKE_MODULE_LINKER_FLAGS-ADVANCED:INTERNAL=1
//ADVANCED property for variable: CMAKE_MODULE_LINKER_FLAGS_DEBUG
CMAKE_MODULE_LINKER_FLAGS_DEBUG-ADVANCED:INTERNAL=1
//ADVANCED property for variable: CMAKE_MODULE_LINKER_FLAGS_MINSIZEREL
CMAKE_MODULE_LINKER_FLAGS_MINSIZEREL-ADVANCED:INTERNAL=1
//ADVANCED property for variable: CMAKE_MODULE_LINKER_FLAGS_RELEASE
CMAKE_MODULE_LINKER_FLAGS_RELEASE-ADVANCED:INTERNAL=1
//ADVANCED property for variable: CMAKE_MODULE_LINKER_FLAGS_RELWITHDEBINFO
CMAKE_MODULE_LINKER_FLAGS_RELWITHDEBINFO-ADVANCED:INTERNAL=1
//ADVANCED property for variable: CMAKE_NM
CMAKE_NM-ADVANCED:INTERNAL=1
//number of local generators
CMAKE_NUMBER_OF_LOCAL_GENERATORS:INTERNAL=2
//ADVANCED property for variable: CMAKE_OBJCOPY
CMAKE_OBJCOPY-ADVANCED:INTERNAL=1
//ADVANCED property for variable: CMAKE_OBJDUMP
CMAKE_OBJDUMP-ADVANCED:INTERNAL=1
//ADVANCED property for variable: CMAKE_RANLIB
CMAKE_RANLIB-ADVANCED:INTERNAL=1
//Path to CMake installation.
CMAKE_ROOT:INTERNAL=/export/apps/CMake/3.2.2/share/cmake-3.2
//ADVANCED property for variable: CMAKE_SHARED_LINKER_FLAGS
CMAKE_SHARED_LINKER_FLAGS-ADVANCED:INTERNAL=1
//ADVANCED property for variable: CMAKE_SHARED_LINKER_FLAGS_DEBUG
CMAKE_SHARED_LINKER_FLAGS_DEBUG-ADVANCED:INTERNAL=1
//ADVANCED property for variable: CMAKE_SHARED_LINKER_FLAGS_MINSIZEREL
CMAKE_SHARED_LINKER_FLAGS_MINSIZEREL-ADVANCED:INTERNAL=1
//ADVANCED property for variable: CMAKE_SHARED_LINKER_FLAGS_RELEASE
CMAKE_SHARED_LINKER_FLAGS_RELEASE-ADVANCED:INTERNAL=1
//ADVANCED property for variable: CMAKE_SHARED_LINKER_FLAGS_RELWITHDEBINFO
CMAKE_SHARED_LINKER_FLAGS_RELWITHDEBINFO-ADVANCED:INTERNAL=1
//ADVANCED property for variable: CMAKE_SKIP_INSTALL_RPATH
CMAKE_SKIP_INSTALL_RPATH-ADVANCED:INTERNAL=1
//ADVANCED property for variable: CMAKE_SKIP_RPATH
CMAKE_SKIP_RPATH-ADVANCED:INTERNAL=1
//ADVANCED property for variable: CMAKE_STATIC_LINKER_FLAGS
CMAKE_STATIC_LINKER_FLAGS-ADVANCED:INTERNAL=1
//ADVANCED property for variable: CMAKE_STATIC_LINKER_FLAGS_DEBUG
CMAKE_STATIC_LINKER_FLAGS_DEBUG-ADVANCED:INTERNAL=1
//ADVANCED property for variable: CMAKE_STATIC_LINKER_FLAGS_MINSIZEREL
CMAKE_STATIC_LINKER_FLAGS_MINSIZEREL-ADVANCED:INTERNAL=1
//ADVANCED property for variable: CMAKE_STATIC_LINKER_FLAGS_RELEASE
CMAKE_STATIC_LINKER_FLAGS_RELEASE-ADVANCED:INTERNAL=1
//ADVANCED property for variable: CMAKE_STATIC_LINKER_FLAGS_RELWITHDEBINFO
CMAKE_STATIC_LINKER_FLAGS_RELWITHDEBINFO-ADVANCED:INTERNAL=1
//ADVANCED property for variable: CMAKE_STRIP
CMAKE_STRIP-ADVANCED:INTERNAL=1
//uname command
CMAKE_UNAME:INTERNAL=/bin/uname
//ADVANCED property for variable: CMAKE_USE_RELATIVE_PATHS
CMAKE_USE_RELATIVE_PATHS-ADVANCED:INTERNAL=1
//ADVANCED property for variable: CMAKE_VERBOSE_MAKEFILE
CMAKE_VERBOSE_MAKEFILE-ADVANCED:INTERNAL=1
//ADVANCED property for variable: COVERAGE_COMMAND
COVERAGE_COMMAND-ADVANCED:INTERNAL=1
//ADVANCED property for variable: COVERAGE_EXTRA_FLAGS
COVERAGE_EXTRA_FLAGS-ADVANCED:INTERNAL=1
//ADVANCED property for variable: CTEST_BUILD_FLAGS
CTEST_BUILD_FLAGS-ADVANCED:INTERNAL=1
//ADVANCED property for variable: CTEST_PARALLEL_LEVEL
CTEST_PARALLEL_LEVEL-ADVANCED:INTERNAL=1
//ADVANCED property for variable: CTEST_SUBMIT_RETRY_COUNT
CTEST_SUBMIT_RETRY_COUNT-ADVANCED:INTERNAL=1
//ADVANCED property for variable: CTEST_SUBMIT_RETRY_DELAY
CTEST_SUBMIT_RETRY_DELAY-ADVANCED:INTERNAL=1
//ADVANCED property for variable: CVSCOMMAND
CVSCOMMAND-ADVANCED:INTERNAL=1
//ADVANCED property for variable: CVS_UPDATE_OPTIONS
CVS_UPDATE_OPTIONS-ADVANCED:INTERNAL=1
//ADVANCED property for variable: DART_TESTING_TIMEOUT
DART_TESTING_TIMEOUT-ADVANCED:INTERNAL=1
//ADVANCED property for variable: DOXYGEN_DOT_EXECUTABLE
DOXYGEN_DOT_EXECUTABLE-ADVANCED:INTERNAL=1
//ADVANCED property for variable: DOXYGEN_EXECUTABLE
DOXYGEN_EXECUTABLE-ADVANCED:INTERNAL=1
//ADVANCED property for variable: F77_BLAS_MANGLE
F77_BLAS_MANGLE-ADVANCED:INTERNAL=1
//ADVANCED property for variable: F77_FUNC
F77_FUNC-ADVANCED:INTERNAL=1
//ADVANCED property for variable: F77_FUNC_
F77_FUNC_-ADVANCED:INTERNAL=1
FC_FN_CASE:INTERNAL=LOWER
FC_FN_UNDERSCORE:INTERNAL=UNDER
FC_FUNC_DEFAULT:INTERNAL=(name,NAME) name ## _
FC_FUNC__DEFAULT:INTERNAL=(name,NAME) name ## _
//Details about finding Doxygen
FIND_PACKAGE_MESSAGE_DETAILS_Doxygen:INTERNAL=[/usr/bin/doxygen][v1.6.1()]
//Details about finding Perl
FIND_PACKAGE_MESSAGE_DETAILS_Perl:INTERNAL=[/usr/bin/perl][v5.10.1()]
//Details about finding PythonInterp
FIND_PACKAGE_MESSAGE_DETAILS_PythonInterp:INTERNAL=[/export/apps/Python/2.7.2-CentOS6.0/bin/python2.7][v(2.6)]
//Test FINITE_VALUE_HAVE_GLOBAL_ISINF
FINITE_VALUE_HAVE_GLOBAL_ISINF:INTERNAL=1
//Test FINITE_VALUE_HAVE_GLOBAL_ISNAN
FINITE_VALUE_HAVE_GLOBAL_ISNAN:INTERNAL=1
//Test FINITE_VALUE_HAVE_STD_ISINF
FINITE_VALUE_HAVE_STD_ISINF:INTERNAL=1
//Test FINITE_VALUE_HAVE_STD_ISNAN
FINITE_VALUE_HAVE_STD_ISNAN:INTERNAL=1
//Fortran/CXX compatibility
FortranCInterface_VERIFIED_CXX:INTERNAL=1
//ADVANCED property for variable: GITCOMMAND
GITCOMMAND-ADVANCED:INTERNAL=1
//Have include inttypes.h
HAVE_INTTYPES_H:INTERNAL=1
//Have include stdint.h
HAVE_STDINT_H:INTERNAL=1
//Have include sys/time.h
HAVE_SYS_TIME_H:INTERNAL=1
//Have include time.h
HAVE_TIME_H:INTERNAL=1
HF_source_ALL_TARGETS:INTERNAL=HF_source
//STRINGS property for variable: HF_source_ENABLE_EXAMPLES
HF_source_ENABLE_EXAMPLES-STRINGS:INTERNAL=;ON;OFF
//STRINGS property for variable: HF_source_ENABLE_TESTS
HF_source_ENABLE_TESTS-STRINGS:INTERNAL=;ON;OFF
HF_source_FINISHED_FIRST_CONFIGURE:INTERNAL=TRUE
HF_source_FULL_ENABLED_DEP_PACKAGES:INTERNAL=
HF_source_HAS_NATIVE_LIBRARIES:INTERNAL=TRUE
HF_source_INCLUDE_DIRS:INTERNAL=/export/zgid/bawinogr/Test/build
HF_source_LIBRARIES:INTERNAL=HF_source
HF_source_LIBRARY_DIRS:INTERNAL=/export/zgid/bawinogr/Test/build/ScientificComputingProject/HF_source
HF_source_LIB_OPTIONAL_DEP_PACKAGES:INTERNAL=
HF_source_LIB_REQUIRED_DEP_PACKAGES:INTERNAL=
HF_source_LIB_TARGETS:INTERNAL=HF_source
HF_source_TEST_OPTIONAL_DEP_PACKAGES:INTERNAL=
HF_source_TEST_REQUIRED_DEP_PACKAGES:INTERNAL=
//ADVANCED property for variable: HGCOMMAND
HGCOMMAND-ADVANCED:INTERNAL=1
//ADVANCED property for variable: MAKECOMMAND
MAKECOMMAND-ADVANCED:INTERNAL=1
//Test MATH_LIBRARY_IS_SUPPLIED
MATH_LIBRARY_IS_SUPPLIED:INTERNAL=1
//ADVANCED property for variable: MEMORYCHECK_COMMAND
MEMORYCHECK_COMMAND-ADVANCED:INTERNAL=1
//ADVANCED property for variable: MEMORYCHECK_SUPPRESSIONS_FILE
MEMORYCHECK_SUPPRESSIONS_FILE-ADVANCED:INTERNAL=1
MESSAGE_WRAPPER_INPUT:INTERNAL=
//ADVANCED property for variable: P4COMMAND
P4COMMAND-ADVANCED:INTERNAL=1
//ADVANCED property for variable: PERL_EXECUTABLE
PERL_EXECUTABLE-ADVANCED:INTERNAL=1
PROJECT_BINARY_DIR:INTERNAL=/export/zgid/bawinogr/Test/build
PROJECT_SOURCE_DIR:INTERNAL=/export/zgid/bawinogr/Test
//ADVANCED property for variable: PYTHON_EXECUTABLE
PYTHON_EXECUTABLE-ADVANCED:INTERNAL=1
//ADVANCED property for variable: PythonInterp_FIND_VERSION
PythonInterp_FIND_VERSION-ADVANCED:INTERNAL=1
//ADVANCED property for variable: PythonInterp_MUST_BE_FOUND
PythonInterp_MUST_BE_FOUND-ADVANCED:INTERNAL=1
//ADVANCED property for variable: SCPCOMMAND
SCPCOMMAND-ADVANCED:INTERNAL=1
//ADVANCED property for variable: SITE
SITE-ADVANCED:INTERNAL=1
//ADVANCED property for variable: SLURM_SBATCH_COMMAND
SLURM_SBATCH_COMMAND-ADVANCED:INTERNAL=1
//ADVANCED property for variable: SLURM_SRUN_COMMAND
SLURM_SRUN_COMMAND-ADVANCED:INTERNAL=1
//ADVANCED property for variable: SVNCOMMAND
SVNCOMMAND-ADVANCED:INTERNAL=1
//STRINGS property for variable: TPL_ENABLE_BLAS
TPL_ENABLE_BLAS-STRINGS:INTERNAL=;ON;OFF
//ADVANCED property for variable: TPL_FIND_SHARED_LIBS
TPL_FIND_SHARED_LIBS-ADVANCED:INTERNAL=1
TRIBITS_ADD_TEST_ADD_TEST_INPUT:INTERNAL=
TRIBITS_SET_TEST_PROPERTIES_INPUT:INTERNAL=
//ADVANCED property for variable: Test_ALLOW_NO_PACKAGES
Test_ALLOW_NO_PACKAGES-ADVANCED:INTERNAL=1
Test_ALL_TARGETS:INTERNAL=Test_HFtest
//ADVANCED property for variable: Test_ASSERT_MISSING_PACKAGES
Test_ASSERT_MISSING_PACKAGES-ADVANCED:INTERNAL=1
//ADVANCED property for variable: Test_CDASH_DEPS_XML_OUTPUT_FILE
Test_CDASH_DEPS_XML_OUTPUT_FILE-ADVANCED:INTERNAL=1
//ADVANCED property for variable: Test_CMAKE_EXECUTABLE_SUFFIX
Test_CMAKE_EXECUTABLE_SUFFIX-ADVANCED:INTERNAL=1
//ADVANCED property for variable: Test_DASHBOARD_CTEST_ARGS
Test_DASHBOARD_CTEST_ARGS-ADVANCED:INTERNAL=1
//ADVANCED property for variable: Test_DEPS_DEFAULT_OUTPUT_DIR
Test_DEPS_DEFAULT_OUTPUT_DIR-ADVANCED:INTERNAL=1
//ADVANCED property for variable: Test_DEPS_HTML_OUTPUT_FILE
Test_DEPS_HTML_OUTPUT_FILE-ADVANCED:INTERNAL=1
//ADVANCED property for variable: Test_DEPS_XML_OUTPUT_FILE
Test_DEPS_XML_OUTPUT_FILE-ADVANCED:INTERNAL=1
//ADVANCED property for variable: Test_DUMP_FORWARD_PACKAGE_DEPENDENCIES
Test_DUMP_FORWARD_PACKAGE_DEPENDENCIES-ADVANCED:INTERNAL=1
//ADVANCED property for variable: Test_DUMP_LINK_LIBS
Test_DUMP_LINK_LIBS-ADVANCED:INTERNAL=1
//ADVANCED property for variable: Test_DUMP_PACKAGE_DEPENDENCIES
Test_DUMP_PACKAGE_DEPENDENCIES-ADVANCED:INTERNAL=1
//ADVANCED property for variable: Test_ELEVATE_ST_TO_PT
Test_ELEVATE_ST_TO_PT-ADVANCED:INTERNAL=1
//ADVANCED property for variable: Test_ENABLE_ALL_FORWARD_DEP_PACKAGES
Test_ENABLE_ALL_FORWARD_DEP_PACKAGES-ADVANCED:INTERNAL=1
//ADVANCED property for variable: Test_ENABLE_C
Test_ENABLE_C-ADVANCED:INTERNAL=1
//ADVANCED property for variable: Test_ENABLE_CHECKED_STL
Test_ENABLE_CHECKED_STL-ADVANCED:INTERNAL=1
//ADVANCED property for variable: Test_ENABLE_CIRCULAR_REF_DETECTION_FAILURE
Test_ENABLE_CIRCULAR_REF_DETECTION_FAILURE-ADVANCED:INTERNAL=1
//ADVANCED property for variable: Test_ENABLE_CONFIGURE_TIMING
Test_ENABLE_CONFIGURE_TIMING-ADVANCED:INTERNAL=1
//ADVANCED property for variable: Test_ENABLE_COVERAGE_TESTING
Test_ENABLE_COVERAGE_TESTING-ADVANCED:INTERNAL=1
//ADVANCED property for variable: Test_ENABLE_CPACK_PACKAGING
Test_ENABLE_CPACK_PACKAGING-ADVANCED:INTERNAL=1
//ADVANCED property for variable: Test_ENABLE_CXX
Test_ENABLE_CXX-ADVANCED:INTERNAL=1
//ADVANCED property for variable: Test_ENABLE_CXX11
Test_ENABLE_CXX11-ADVANCED:INTERNAL=1
//ADVANCED property for variable: Test_ENABLE_DEBUG_SYMBOLS
Test_ENABLE_DEBUG_SYMBOLS-ADVANCED:INTERNAL=1
//ADVANCED property for variable: Test_ENABLE_DEVELOPMENT_MODE
Test_ENABLE_DEVELOPMENT_MODE-ADVANCED:INTERNAL=1
//STRINGS property for variable: Test_ENABLE_EXAMPLES
Test_ENABLE_EXAMPLES-STRINGS:INTERNAL=;ON;OFF
//ADVANCED property for variable: Test_ENABLE_EXPLICIT_INSTANTIATION
Test_ENABLE_EXPLICIT_INSTANTIATION-ADVANCED:INTERNAL=1
//ADVANCED property for variable: Test_ENABLE_EXPORT_MAKEFILES
Test_ENABLE_EXPORT_MAKEFILES-ADVANCED:INTERNAL=1
//STRINGS property for variable: Test_ENABLE_HF_source
Test_ENABLE_HF_source-STRINGS:INTERNAL=;ON;OFF
//ADVANCED property for variable: Test_ENABLE_INSTALLATION_TESTING
Test_ENABLE_INSTALLATION_TESTING-ADVANCED:INTERNAL=1
//ADVANCED property for variable: Test_ENABLE_INSTALL_CMAKE_CONFIG_FILES
Test_ENABLE_INSTALL_CMAKE_CONFIG_FILES-ADVANCED:INTERNAL=1
//ADVANCED property for variable: Test_ENABLE_KNOWN_EXTERNAL_REPOS_TYPE
Test_ENABLE_KNOWN_EXTERNAL_REPOS_TYPE-ADVANCED:INTERNAL=1
//ADVANCED property for variable: Test_ENABLE_PACKAGE_CONFIGURE_TIMING
Test_ENABLE_PACKAGE_CONFIGURE_TIMING-ADVANCED:INTERNAL=1
//ADVANCED property for variable: Test_ENABLE_SECONDARY_TESTED_CODE
Test_ENABLE_SECONDARY_TESTED_CODE-ADVANCED:INTERNAL=1
//ADVANCED property for variable: Test_ENABLE_SHADOW_WARNINGS
Test_ENABLE_SHADOW_WARNINGS-ADVANCED:INTERNAL=1
//STRINGS property for variable: Test_ENABLE_SHADOW_WARNINGS
Test_ENABLE_SHADOW_WARNINGS-STRINGS:INTERNAL=;ON;OFF
//ADVANCED property for variable: Test_ENABLE_STRONG_CXX_COMPILE_WARNINGS
Test_ENABLE_STRONG_CXX_COMPILE_WARNINGS-ADVANCED:INTERNAL=1
//ADVANCED property for variable: Test_ENABLE_STRONG_C_COMPILE_WARNINGS
Test_ENABLE_STRONG_C_COMPILE_WARNINGS-ADVANCED:INTERNAL=1
//STRINGS property for variable: Test_ENABLE_TESTS
Test_ENABLE_TESTS-STRINGS:INTERNAL=;ON;OFF
//STRINGS property for variable: Test_ENABLE_Test
Test_ENABLE_Test-STRINGS:INTERNAL=;ON;OFF
Test_ETI_PACKAGES:INTERNAL=
//ADVANCED property for variable: Test_EXCLUDE_DISABLED_SUBPACKAGES_FROM_DISTRIBUTION
Test_EXCLUDE_DISABLED_SUBPACKAGES_FROM_DISTRIBUTION-ADVANCED:INTERNAL=1
//ADVANCED property for variable: Test_EXTRAREPOS_FILE
Test_EXTRAREPOS_FILE-ADVANCED:INTERNAL=1
//ADVANCED property for variable: Test_EXTRA_LINK_FLAGS
Test_EXTRA_LINK_FLAGS-ADVANCED:INTERNAL=1
//ADVANCED property for variable: Test_EXTRA_REPOSITORIES
Test_EXTRA_REPOSITORIES-ADVANCED:INTERNAL=1
Test_FINISHED_FIRST_CONFIGURE:INTERNAL=TRUE
Test_FULL_ENABLED_DEP_PACKAGES:INTERNAL=HF_source
//ADVANCED property for variable: Test_GENERATE_EXPORT_FILE_DEPENDENCIES
Test_GENERATE_EXPORT_FILE_DEPENDENCIES-ADVANCED:INTERNAL=1
//ADVANCED property for variable: Test_GENERATE_REPO_VERSION_FILE
Test_GENERATE_REPO_VERSION_FILE-ADVANCED:INTERNAL=1
Test_HAS_NATIVE_LIBRARIES:INTERNAL=FALSE
//ADVANCED property for variable: Test_HIDE_DEPRECATED_CODE
Test_HIDE_DEPRECATED_CODE-ADVANCED:INTERNAL=1
//ADVANCED property for variable: Test_HOSTNAME
Test_HOSTNAME-ADVANCED:INTERNAL=1
//ADVANCED property for variable: Test_HOSTTYPE
Test_HOSTTYPE-ADVANCED:INTERNAL=1
//ADVANCED property for variable: Test_IGNORE_MISSING_EXTRA_REPOSITORIES
Test_IGNORE_MISSING_EXTRA_REPOSITORIES-ADVANCED:INTERNAL=1
Test_INCLUDE_DIRS:INTERNAL=/export/zgid/bawinogr/Test/build
//ADVANCED property for variable: Test_INSTALLATION_DIR
Test_INSTALLATION_DIR-ADVANCED:INTERNAL=1
//ADVANCED property for variable: Test_INSTALL_EXAMPLE_DIR
Test_INSTALL_EXAMPLE_DIR-ADVANCED:INTERNAL=1
//ADVANCED property for variable: Test_INSTALL_INCLUDE_DIR
Test_INSTALL_INCLUDE_DIR-ADVANCED:INTERNAL=1
//ADVANCED property for variable: Test_INSTALL_LIBRARIES_AND_HEADERS
Test_INSTALL_LIBRARIES_AND_HEADERS-ADVANCED:INTERNAL=1
//ADVANCED property for variable: Test_INSTALL_LIB_DIR
Test_INSTALL_LIB_DIR-ADVANCED:INTERNAL=1
//ADVANCED property for variable: Test_INSTALL_RUNTIME_DIR
Test_INSTALL_RUNTIME_DIR-ADVANCED:INTERNAL=1
Test_LIBRARIES:INTERNAL=HF_source
Test_LIBRARY_DIRS:INTERNAL=/export/zgid/bawinogr/Test/build/ScientificComputingProject/HF_source
//ADVANCED property for variable: Test_LIBRARY_NAME_PREFIX
Test_LIBRARY_NAME_PREFIX-ADVANCED:INTERNAL=1
Test_LIB_OPTIONAL_DEP_PACKAGES:INTERNAL=
Test_LIB_REQUIRED_DEP_PACKAGES:INTERNAL=HF_source
Test_LIB_TARGETS:INTERNAL=
//ADVANCED property for variable: Test_LINK_SEARCH_START_STATIC
Test_LINK_SEARCH_START_STATIC-ADVANCED:INTERNAL=1
//ADVANCED property for variable: Test_PRE_REPOSITORIES
Test_PRE_REPOSITORIES-ADVANCED:INTERNAL=1
//ADVANCED property for variable: Test_REL_CPU_SPEED
Test_REL_CPU_SPEED-ADVANCED:INTERNAL=1
//ADVANCED property for variable: Test_REMOVE_DEFAULT_PACKAGE_DISABLES
Test_REMOVE_DEFAULT_PACKAGE_DISABLES-ADVANCED:INTERNAL=1
//ADVANCED property for variable: Test_SCALE_TEST_TIMEOUT
Test_SCALE_TEST_TIMEOUT-ADVANCED:INTERNAL=1
//ADVANCED property for variable: Test_SHORTCIRCUIT_AFTER_DEPENDENCY_HANDLING
Test_SHORTCIRCUIT_AFTER_DEPENDENCY_HANDLING-ADVANCED:INTERNAL=1
//ADVANCED property for variable: Test_SHOW_DEPRECATED_WARNINGS
Test_SHOW_DEPRECATED_WARNINGS-ADVANCED:INTERNAL=1
//ADVANCED property for variable: Test_SHOW_MACHINE_LOAD_IN_TEST
Test_SHOW_MACHINE_LOAD_IN_TEST-ADVANCED:INTERNAL=1
//ADVANCED property for variable: Test_SHOW_TEST_START_END_DATE_TIME
Test_SHOW_TEST_START_END_DATE_TIME-ADVANCED:INTERNAL=1
//ADVANCED property for variable: Test_SKIP_FORTRANCINTERFACE_VERIFY_TEST
Test_SKIP_FORTRANCINTERFACE_VERIFY_TEST-ADVANCED:INTERNAL=1
//ADVANCED property for variable: Test_TEST_CATEGORIES
Test_TEST_CATEGORIES-ADVANCED:INTERNAL=1
Test_TEST_OPTIONAL_DEP_PACKAGES:INTERNAL=
Test_TEST_REQUIRED_DEP_PACKAGES:INTERNAL=
//ADVANCED property for variable: Test_TPL_SYSTEM_INCLUDE_DIRS
Test_TPL_SYSTEM_INCLUDE_DIRS-ADVANCED:INTERNAL=1
//ADVANCED property for variable: Test_TRACE_ADD_TEST
Test_TRACE_ADD_TEST-ADVANCED:INTERNAL=1
//ADVANCED property for variable: Test_TRACE_DEPENDENCY_HANDLING_ONLY
Test_TRACE_DEPENDENCY_HANDLING_ONLY-ADVANCED:INTERNAL=1
//ADVANCED property for variable: Test_TRACE_FILE_PROCESSING
Test_TRACE_FILE_PROCESSING-ADVANCED:INTERNAL=1
//ADVANCED property for variable: Test_TRIBITS_DIR
Test_TRIBITS_DIR-ADVANCED:INTERNAL=1
//ADVANCED property for variable: Test_UNENABLE_ENABLED_PACKAGES
Test_UNENABLE_ENABLED_PACKAGES-ADVANCED:INTERNAL=1
//ADVANCED property for variable: Test_USE_GNUINSTALLDIRS
Test_USE_GNUINSTALLDIRS-ADVANCED:INTERNAL=1
//ADVANCED property for variable: Test_VERBOSE_CONFIGURE
Test_VERBOSE_CONFIGURE-ADVANCED:INTERNAL=1
//ADVANCED property for variable: Test_WARNINGS_AS_ERRORS_FLAGS
Test_WARNINGS_AS_ERRORS_FLAGS-ADVANCED:INTERNAL=1
//ADVANCED property for variable: Test_WARN_ABOUT_MISSING_EXTERNAL_PACKAGES
Test_WARN_ABOUT_MISSING_EXTERNAL_PACKAGES-ADVANCED:INTERNAL=1
//ADVANCED property for variable: XIAR
XIAR-ADVANCED:INTERNAL=1
//Result of TRY_COMPILE
_fcmngl:INTERNAL=TRUE

